javadoc: warning - No source files for package org.eclipse.cdt.core.model
javadoc: warning - No source files for package org.eclipse.cdt.core.search
javadoc: warning - No source files for package org.eclipse.cdt.core.dom.ast
javadoc: warning - No source files for package org.eclipse.cdt.core.dom.ast.c
javadoc: warning - No source files for package org.eclipse.cdt.core.dom.ast.cpp
javadoc: warning - No source files for package org.eclipse.cdt.core.dom.ast.gnu
javadoc: warning - No source files for package org.eclipse.cdt.core.dom.ast.gnu.c
Loading source files for package org.eclipse.cdt.core.model...
Loading source files for package org.eclipse.cdt.core.search...
Loading source files for package org.eclipse.cdt.core.dom.ast...
Loading source files for package org.eclipse.cdt.core.dom.ast.c...
Loading source files for package org.eclipse.cdt.core.dom.ast.cpp...
Loading source files for package org.eclipse.cdt.core.dom.ast.gnu...
Loading source files for package org.eclipse.cdt.core.dom.ast.gnu.c...
Loading source files for package org.eclipse.cdt.core.dom.ast.gnu.cpp...
Loading source files for package org.eclipse.cdt.debug.core.cdi...
Loading source files for package org.eclipse.cdt.debug.core.cdi.event...
Loading source files for package org.eclipse.cdt.debug.core.cdi.model...
Loading source files for package org.eclipse.cdt.debug.core.cdi.model.type...
Constructing Javadoc information...
javadoc: warning - No source files for package org.eclipse.cdt.core.dom.ast.gnu.cpp
javadoc: warning - No source files for package org.eclipse.cdt.debug.core.cdi
javadoc: warning - No source files for package org.eclipse.cdt.debug.core.cdi.event
javadoc: warning - No source files for package org.eclipse.cdt.debug.core.cdi.model
javadoc: warning - No source files for package org.eclipse.cdt.debug.core.cdi.model.type
javadoc: warning - No source files for package org.eclipse.cdt.core.model
javadoc: warning - No source files for package org.eclipse.cdt.core.search
javadoc: warning - No source files for package org.eclipse.cdt.core.dom.ast
javadoc: warning - No source files for package org.eclipse.cdt.core.dom.ast.c
javadoc: warning - No source files for package org.eclipse.cdt.core.dom.ast.cpp
javadoc: warning - No source files for package org.eclipse.cdt.core.dom.ast.gnu
javadoc: warning - No source files for package org.eclipse.cdt.core.dom.ast.gnu.c
javadoc: warning - No source files for package org.eclipse.cdt.core.dom.ast.gnu.cpp
javadoc: warning - No source files for package org.eclipse.cdt.debug.core.cdi
javadoc: warning - No source files for package org.eclipse.cdt.debug.core.cdi.event
javadoc: warning - No source files for package org.eclipse.cdt.debug.core.cdi.model
javadoc: warning - No source files for package org.eclipse.cdt.debug.core.cdi.model.type
javadoc: error - No public or protected classes found to document.
1 error
24 warnings
